<?xml version="1.0" encoding="UTF-8"?>
<testng-results skipped="0" failed="0" ignored="0" total="0" passed="0">
  <reporter-output>
  </reporter-output>
  <suite name="uv.fei.tutorias.bussinesslogic.CoordinadorDAOTest" duration-ms="14" started-at="2022-04-29T18:02:12 CDT" finished-at="2022-04-29T18:02:12 CDT">
    <groups>
    </groups>
    <test name="Command line test" duration-ms="14" started-at="2022-04-29T18:02:12 CDT" finished-at="2022-04-29T18:02:12 CDT">
    </test> <!-- Command line test -->
  </suite> <!-- uv.fei.tutorias.bussinesslogic.CoordinadorDAOTest -->
</testng-results>
